Fish Simulator/fishSimulator/build/outputs/logs/manifest-merger-debug-report.txt
-- Merging decision tree log ---
manifest
ADDED from src\main\AndroidManifest.xml:2:1-31:12
	package
		ADDED from src\main\AndroidManifest.xml:2:120-156
		INJECTED from src\main\AndroidManifest.xml
		INJECTED from src\main\AndroidManifest.xml
	android:versionName
		ADDED from src\main\AndroidManifest.xml:2:94-119
	android:versionCode
		ADDED from src\main\AndroidManifest.xml:2:70-93
		INJECTED from src\main\AndroidManifest.xml
		INJECTED from src\main\AndroidManifest.xml
	xmlns:android
		ADDED from src\main\AndroidManifest.xml:2:11-69
	android:installLocation
		ADDED from src\main\AndroidManifest.xml:2:157-197
supports-screens
ADDED from src\main\AndroidManifest.xml:3:3-163
	android:largeScreens
		ADDED from src\main\AndroidManifest.xml:3:47-74
	android:smallScreens
		ADDED from src\main\AndroidManifest.xml:3:104-131
	android:normalScreens
		ADDED from src\main\AndroidManifest.xml:3:75-103
	android:xlargeScreens
		ADDED from src\main\AndroidManifest.xml:3:132-160
	android:anyDensity
		ADDED from src\main\AndroidManifest.xml:3:21-46
application
ADDED from src\main\AndroidManifest.xml:4:3-20:17
	android:label
		ADDED from src\main\AndroidManifest.xml:4:50-82
	android:debuggable
		ADDED from src\main\AndroidManifest.xml:4:83-109
	android:icon
		ADDED from src\main\AndroidManifest.xml:4:16-49
	android:banner
		ADDED from src\main\AndroidManifest.xml:4:132-169
	android:isGame
		ADDED from src\main\AndroidManifest.xml:4:110-131
activity#com.juicetin.fishsimulator.UnityPlayerProxyActivity
ADDED from src\main\AndroidManifest.xml:5:5-11:16
	android:screenOrientation
		ADDED from src\main\AndroidManifest.xml:5:48-91
	android:label
		ADDED from src\main\AndroidManifest.xml:5:15-47
	android:launchMode
		ADDED from src\main\AndroidManifest.xml:5:92-123
	android:configChanges
		ADDED from src\main\AndroidManifest.xml:5:124-281
	android:name
		ADDED from src\main\AndroidManifest.xml:5:282-348
intent-filter#android.intent.action.MAIN+android.intent.category.LAUNCHER+android.intent.category.LEANBACK_LAUNCHER
ADDED from src\main\AndroidManifest.xml:6:7-10:23
action#android.intent.action.MAIN
ADDED from src\main\AndroidManifest.xml:7:9-61
	android:name
		ADDED from src\main\AndroidManifest.xml:7:17-58
category#android.intent.category.LAUNCHER
ADDED from src\main\AndroidManifest.xml:8:9-69
	android:name
		ADDED from src\main\AndroidManifest.xml:8:19-66
category#android.intent.category.LEANBACK_LAUNCHER
ADDED from src\main\AndroidManifest.xml:9:9-78
	android:name
		ADDED from src\main\AndroidManifest.xml:9:19-75
activity#com.juicetin.fishsimulator.UnityPlayerActivity
ADDED from src\main\AndroidManifest.xml:12:5-13:16
	android:screenOrientation
		ADDED from src\main\AndroidManifest.xml:12:48-91
	android:label
		ADDED from src\main\AndroidManifest.xml:12:15-47
	android:launchMode
		ADDED from src\main\AndroidManifest.xml:12:92-123
	android:configChanges
		ADDED from src\main\AndroidManifest.xml:12:124-281
	android:name
		ADDED from src\main\AndroidManifest.xml:12:282-343
activity#com.juicetin.fishsimulator.UnityPlayerNativeActivity
ADDED from src\main\AndroidManifest.xml:14:5-16:16
	android:screenOrientation
		ADDED from src\main\AndroidManifest.xml:14:48-91
	android:label
		ADDED from src\main\AndroidManifest.xml:14:15-47
	android:launchMode
		ADDED from src\main\AndroidManifest.xml:14:92-123
	android:configChanges
		ADDED from src\main\AndroidManifest.xml:14:124-281
	android:name
		ADDED from src\main\AndroidManifest.xml:14:282-349
meta-data#unityplayer.ForwardNativeEventsToDalvik
ADDED from src\main\AndroidManifest.xml:15:7-97
	android:value
		ADDED from src\main\AndroidManifest.xml:15:73-94
	android:name
		ADDED from src\main\AndroidManifest.xml:15:18-72
activity#com.unity3d.player.VideoPlayer
ADDED from src\main\AndroidManifest.xml:17:5-18:16
	android:label
		ADDED from src\main\AndroidManifest.xml:17:173-205
	android:configChanges
		ADDED from src\main\AndroidManifest.xml:17:15-172
	android:name
		ADDED from src\main\AndroidManifest.xml:17:206-251
activity#com.unity3d.ads.android.view.UnityAdsFullscreenActivity
ADDED from src\main\AndroidManifest.xml:19:5-418
	xmlns:tools
		ADDED from src\main\AndroidManifest.xml:19:338-384
	android:hardwareAccelerated
		ADDED from src\main\AndroidManifest.xml:19:173-207
	tools:ignore
		ADDED from src\main\AndroidManifest.xml:19:385-415
	android:configChanges
		ADDED from src\main\AndroidManifest.xml:19:15-172
	android:theme
		ADDED from src\main\AndroidManifest.xml:19:279-337
	android:name
		ADDED from src\main\AndroidManifest.xml:19:208-278
uses-permission#android.permission.INTERNET
ADDED from src\main\AndroidManifest.xml:22:3-65
	android:name
		ADDED from src\main\AndroidManifest.xml:22:20-62
uses-permission#android.permission.WRITE_EXTERNAL_STORAGE
ADDED from src\main\AndroidManifest.xml:23:3-79
	android:name
		ADDED from src\main\AndroidManifest.xml:23:20-76
uses-permission#com.android.vending.CHECK_LICENSE
ADDED from src\main\AndroidManifest.xml:24:3-71
	android:name
		ADDED from src\main\AndroidManifest.xml:24:20-68
uses-sdk
ADDED from src\main\AndroidManifest.xml:25:3-71
	android:targetSdkVersion
		ADDED from src\main\AndroidManifest.xml:25:39-68
		INJECTED from src\main\AndroidManifest.xml
		INJECTED from src\main\AndroidManifest.xml
	android:minSdkVersion
		ADDED from src\main\AndroidManifest.xml:25:13-38
		INJECTED from src\main\AndroidManifest.xml
		INJECTED from src\main\AndroidManifest.xml
uses-permission#android.permission.ACCESS_NETWORK_STATE
ADDED from src\main\AndroidManifest.xml:26:3-77
	android:name
		ADDED from src\main\AndroidManifest.xml:26:20-74
uses-feature#0x00020000
ADDED from src\main\AndroidManifest.xml:27:3-52
	android:glEsVersion
		ADDED from src\main\AndroidManifest.xml:27:17-49
uses-feature#android.hardware.touchscreen
ADDED from src\main\AndroidManifest.xml:28:3-88
	android:required
		ADDED from src\main\AndroidManifest.xml:28:61-85
	android:name
		ADDED from src\main\AndroidManifest.xml:28:17-60
uses-feature#android.hardware.touchscreen.multitouch
ADDED from src\main\AndroidManifest.xml:29:3-99
	android:required
		ADDED from src\main\AndroidManifest.xml:29:72-96
	android:name
		ADDED from src\main\AndroidManifest.xml:29:17-71
uses-feature#android.hardware.touchscreen.multitouch.distinct
ADDED from src\main\AndroidManifest.xml:30:3-108
	android:required
		ADDED from src\main\AndroidManifest.xml:30:81-105
	android:name
		ADDED from src\main\AndroidManifest.xml:30:17-80